This is pdfTeX, Version 3.141592653-2.6-1.40.25 (MiKTeX 24.1) (preloaded format=pdflatex 2025.10.20)  10 FEB 2026 18:11
entering extended mode
 restricted \write18 enabled.
 %&-line parsing enabled.
**"./Appunti di reti.tex"
(Appunti di reti.tex
LaTeX2e <2023-11-01> patch level 1
L3 programming layer <2024-01-04>
(C:\Users\Alessandro\AppData\Local\Programs\MiKTeX\tex/latex/base\book.cls
Document Class: book 2023/05/17 v1.4n Standard LaTeX document class
(C:\Users\Alessandro\AppData\Local\Programs\MiKTeX\tex/latex/base\bk10.clo
File: bk10.clo 2023/05/17 v1.4n Standard LaTeX file (size option)
)
\c@part=\count187
\c@chapter=\count188
\c@section=\count189
\c@subsection=\count190
\c@subsubsection=\count191
\c@paragraph=\count192
\c@subparagraph=\count193
\c@figure=\count194
\c@table=\count195
\abovecaptionskip=\skip48
\belowcaptionskip=\skip49
\bibindent=\dimen140
)
(C:\Users\Alessandro\AppData\Local\Programs\MiKTeX\tex/latex/base\inputenc.sty
Package: inputenc 2021/02/14 v1.3d Input encoding file
\inpenc@prehook=\toks17
\inpenc@posthook=\toks18
)
(C:\Users\Alessandro\AppData\Local\Programs\MiKTeX\tex/latex/amsmath\amsmath.st
y
Package: amsmath 2023/05/13 v2.17o AMS math features
\@mathmargin=\skip50

For additional information on amsmath, use the `?' option.

(C:\Users\Alessandro\AppData\Local\Programs\MiKTeX\tex/latex/amsmath\amstext.st
y
Package: amstext 2021/08/26 v2.01 AMS text

(C:\Users\Alessandro\AppData\Local\Programs\MiKTeX\tex/latex/amsmath\amsgen.sty
File: amsgen.sty 1999/11/30 v2.0 generic functions
\@emptytoks=\toks19
\ex@=\dimen141
))
(C:\Users\Alessandro\AppData\Local\Programs\MiKTeX\tex/latex/amsmath\amsbsy.sty
Package: amsbsy 1999/11/29 v1.2d Bold Symbols
\pmbraise@=\dimen142
)
(C:\Users\Alessandro\AppData\Local\Programs\MiKTeX\tex/latex/amsmath\amsopn.sty
Package: amsopn 2022/04/08 v2.04 operator names
)
\inf@bad=\count196
LaTeX Info: Redefining \frac on input line 234.
\uproot@=\count197
\leftroot@=\count198
LaTeX Info: Redefining \overline on input line 399.
LaTeX Info: Redefining \colon on input line 410.
\classnum@=\count199
\DOTSCASE@=\count266
LaTeX Info: Redefining \ldots on input line 496.
LaTeX Info: Redefining \dots on input line 499.
LaTeX Info: Redefining \cdots on input line 620.
\Mathstrutbox@=\box51
\strutbox@=\box52
LaTeX Info: Redefining \big on input line 722.
LaTeX Info: Redefining \Big on input line 723.
LaTeX Info: Redefining \bigg on input line 724.
LaTeX Info: Redefining \Bigg on input line 725.
\big@size=\dimen143
LaTeX Font Info:    Redeclaring font encoding OML on input line 743.
LaTeX Font Info:    Redeclaring font encoding OMS on input line 744.
\macc@depth=\count267
LaTeX Info: Redefining \bmod on input line 905.
LaTeX Info: Redefining \pmod on input line 910.
LaTeX Info: Redefining \smash on input line 940.
LaTeX Info: Redefining \relbar on input line 970.
LaTeX Info: Redefining \Relbar on input line 971.
\c@MaxMatrixCols=\count268
\dotsspace@=\muskip16
\c@parentequation=\count269
\dspbrk@lvl=\count270
\tag@help=\toks20
\row@=\count271
\column@=\count272
\maxfields@=\count273
\andhelp@=\toks21
\eqnshift@=\dimen144
\alignsep@=\dimen145
\tagshift@=\dimen146
\tagwidth@=\dimen147
\totwidth@=\dimen148
\lineht@=\dimen149
\@envbody=\toks22
\multlinegap=\skip51
\multlinetaggap=\skip52
\mathdisplay@stack=\toks23
LaTeX Info: Redefining \[ on input line 2953.
LaTeX Info: Redefining \] on input line 2954.
)
(C:\Users\Alessandro\AppData\Local\Programs\MiKTeX\tex/latex/amsfonts\amssymb.s
ty
Package: amssymb 2013/01/14 v3.01 AMS font symbols

(C:\Users\Alessandro\AppData\Local\Programs\MiKTeX\tex/latex/amsfonts\amsfonts.
sty
Package: amsfonts 2013/01/14 v3.01 Basic AMSFonts support
\symAMSa=\mathgroup4
\symAMSb=\mathgroup5
LaTeX Font Info:    Redeclaring math symbol \hbar on input line 98.
LaTeX Font Info:    Overwriting math alphabet `\mathfrak' in version `bold'
(Font)                  U/euf/m/n --> U/euf/b/n on input line 106.
))
(C:\Users\Alessandro\AppData\Local\Programs\MiKTeX\tex/latex/enumitem\enumitem.
sty
Package: enumitem 2025/02/06 v3.11 Customized lists
\enitkv@toks@=\toks24
\labelindent=\skip53
\enit@outerparindent=\dimen150
\enit@toks=\toks25
\enit@inbox=\box53
\enit@count@id=\count274
\enitdp@description=\count275
)
(C:\Users\Alessandro\AppData\Local\Programs\MiKTeX\tex/latex/geometry\geometry.
sty
Package: geometry 2020/01/02 v5.9 Page Geometry

(C:\Users\Alessandro\AppData\Local\Programs\MiKTeX\tex/latex/graphics\keyval.st
y
Package: keyval 2022/05/29 v1.15 key=value parser (DPC)
\KV@toks@=\toks26
)
(C:\Users\Alessandro\AppData\Local\Programs\MiKTeX\tex/generic/iftex\ifvtex.sty
Package: ifvtex 2019/10/25 v1.7 ifvtex legacy package. Use iftex instead.
(C:\Users\Alessandro\AppData\Local\Programs\MiKTeX\tex/generic/iftex\iftex.sty
Package: iftex 2022/02/03 v1.0f TeX engine tests
))
\Gm@cnth=\count276
\Gm@cntv=\count277
\c@Gm@tempcnt=\count278
\Gm@bindingoffset=\dimen151
\Gm@wd@mp=\dimen152
\Gm@odd@mp=\dimen153
\Gm@even@mp=\dimen154
\Gm@layoutwidth=\dimen155
\Gm@layoutheight=\dimen156
\Gm@layouthoffset=\dimen157
\Gm@layoutvoffset=\dimen158
\Gm@dimlist=\toks27

(C:\Users\Alessandro\AppData\Local\Programs\MiKTeX\tex/latex/geometry\geometry.
cfg))
(C:\Users\Alessandro\AppData\Local\Programs\MiKTeX\tex/latex/booktabs\booktabs.
sty
Package: booktabs 2020/01/12 v1.61803398 Publication quality tables
\heavyrulewidth=\dimen159
\lightrulewidth=\dimen160
\cmidrulewidth=\dimen161
\belowrulesep=\dimen162
\belowbottomsep=\dimen163
\aboverulesep=\dimen164
\abovetopsep=\dimen165
\cmidrulesep=\dimen166
\cmidrulekern=\dimen167
\defaultaddspace=\dimen168
\@cmidla=\count279
\@cmidlb=\count280
\@aboverulesep=\dimen169
\@belowrulesep=\dimen170
\@thisruleclass=\count281
\@lastruleclass=\count282
\@thisrulewidth=\dimen171
)
(C:\Users\Alessandro\AppData\Local\Programs\MiKTeX\tex/latex/tools\tabularx.sty
Package: tabularx 2023/07/08 v2.11c `tabularx' package (DPC)
(C:\Users\Alessandro\AppData\Local\Programs\MiKTeX\tex/latex/tools\array.sty
Package: array 2023/10/16 v2.5g Tabular extension package (FMi)
\col@sep=\dimen172
\ar@mcellbox=\box54
\extrarowheight=\dimen173
\NC@list=\toks28
\extratabsurround=\skip54
\backup@length=\skip55
\ar@cellbox=\box55
)
\TX@col@width=\dimen174
\TX@old@table=\dimen175
\TX@old@col=\dimen176
\TX@target=\dimen177
\TX@delta=\dimen178
\TX@cols=\count283
\TX@ftn=\toks29
)
(C:\Users\Alessandro\AppData\Local\Programs\MiKTeX\tex/latex/ragged2e\ragged2e.
sty
Package: ragged2e 2023/06/22 v3.6 ragged2e Package
\CenteringLeftskip=\skip56
\RaggedLeftLeftskip=\skip57
\RaggedRightLeftskip=\skip58
\CenteringRightskip=\skip59
\RaggedLeftRightskip=\skip60
\RaggedRightRightskip=\skip61
\CenteringParfillskip=\skip62
\RaggedLeftParfillskip=\skip63
\RaggedRightParfillskip=\skip64
\JustifyingParfillskip=\skip65
\CenteringParindent=\skip66
\RaggedLeftParindent=\skip67
\RaggedRightParindent=\skip68
\JustifyingParindent=\skip69
)
(C:\Users\Alessandro\AppData\Local\Programs\MiKTeX\tex/latex/caption\caption.st
y
Package: caption 2023/08/05 v3.6o Customizing captions (AR)

(C:\Users\Alessandro\AppData\Local\Programs\MiKTeX\tex/latex/caption\caption3.s
ty
Package: caption3 2023/07/31 v2.4d caption3 kernel (AR)
\caption@tempdima=\dimen179
\captionmargin=\dimen180
\caption@leftmargin=\dimen181
\caption@rightmargin=\dimen182
\caption@width=\dimen183
\caption@indent=\dimen184
\caption@parindent=\dimen185
\caption@hangindent=\dimen186
Package caption Info: Standard document class detected.
)
\c@caption@flags=\count284
\c@continuedfloat=\count285
)
(C:\Users\Alessandro\AppData\Local\Programs\MiKTeX\tex/latex/graphics\graphicx.
sty
Package: graphicx 2021/09/16 v1.2d Enhanced LaTeX Graphics (DPC,SPQR)

(C:\Users\Alessandro\AppData\Local\Programs\MiKTeX\tex/latex/graphics\graphics.
sty
Package: graphics 2022/03/10 v1.4e Standard LaTeX Graphics (DPC,SPQR)

(C:\Users\Alessandro\AppData\Local\Programs\MiKTeX\tex/latex/graphics\trig.sty
Package: trig 2021/08/11 v1.11 sin cos tan (DPC)
)
(C:\Users\Alessandro\AppData\Local\Programs\MiKTeX\tex/latex/graphics-cfg\graph
ics.cfg
File: graphics.cfg 2016/06/04 v1.11 sample graphics configuration
)
Package graphics Info: Driver file: pdftex.def on input line 107.

(C:\Users\Alessandro\AppData\Local\Programs\MiKTeX\tex/latex/graphics-def\pdfte
x.def
File: pdftex.def 2022/09/22 v1.2b Graphics/color driver for pdftex
))
\Gin@req@height=\dimen187
\Gin@req@width=\dimen188
)
(C:\Users\Alessandro\AppData\Local\Programs\MiKTeX\tex/latex/xcolor\xcolor.sty
Package: xcolor 2023/11/15 v3.01 LaTeX color extensions (UK)

(C:\Users\Alessandro\AppData\Local\Programs\MiKTeX\tex/latex/graphics-cfg\color
.cfg
File: color.cfg 2016/01/02 v1.6 sample color configuration
)
Package xcolor Info: Driver file: pdftex.def on input line 274.

(C:\Users\Alessandro\AppData\Local\Programs\MiKTeX\tex/latex/graphics\mathcolor
.ltx)
Package xcolor Info: Model `cmy' substituted by `cmy0' on input line 1350.
Package xcolor Info: Model `hsb' substituted by `rgb' on input line 1354.
Package xcolor Info: Model `RGB' extended on input line 1366.
Package xcolor Info: Model `HTML' substituted by `rgb' on input line 1368.
Package xcolor Info: Model `Hsb' substituted by `hsb' on input line 1369.
Package xcolor Info: Model `tHsb' substituted by `hsb' on input line 1370.
Package xcolor Info: Model `HSB' substituted by `hsb' on input line 1371.
Package xcolor Info: Model `Gray' substituted by `gray' on input line 1372.
Package xcolor Info: Model `wave' substituted by `hsb' on input line 1373.
)
(C:\Users\Alessandro\AppData\Local\Programs\MiKTeX\tex/latex/float\float.sty
Package: float 2001/11/08 v1.3d Float enhancements (AL)
\c@float@type=\count286
\float@exts=\toks30
\float@box=\box56
\@float@everytoks=\toks31
\@floatcapt=\box57
)
(C:\Users\Alessandro\AppData\Local\Programs\MiKTeX\tex/latex/listings\listings.
sty
\lst@mode=\count287
\lst@gtempboxa=\box58
\lst@token=\toks32
\lst@length=\count288
\lst@currlwidth=\dimen189
\lst@column=\count289
\lst@pos=\count290
\lst@lostspace=\dimen190
\lst@width=\dimen191
\lst@newlines=\count291
\lst@lineno=\count292
\lst@maxwidth=\dimen192

(C:\Users\Alessandro\AppData\Local\Programs\MiKTeX\tex/latex/listings\lstmisc.s
ty
File: lstmisc.sty 2023/02/27 1.9 (Carsten Heinz)
\c@lstnumber=\count293
\lst@skipnumbers=\count294
\lst@framebox=\box59
)
(C:\Users\Alessandro\AppData\Local\Programs\MiKTeX\tex/latex/listings\listings.
cfg
File: listings.cfg 2023/02/27 1.9 listings configuration
))
Package: listings 2023/02/27 1.9 (Carsten Heinz)

(C:\Users\Alessandro\AppData\Local\Programs\MiKTeX\tex/latex/pgf/frontendlayer\
tikz.sty
(C:\Users\Alessandro\AppData\Local\Programs\MiKTeX\tex/latex/pgf/basiclayer\pgf
.sty
(C:\Users\Alessandro\AppData\Local\Programs\MiKTeX\tex/latex/pgf/utilities\pgfr
cs.sty
(C:\Users\Alessandro\AppData\Local\Programs\MiKTeX\tex/generic/pgf/utilities\pg
futil-common.tex
\pgfutil@everybye=\toks33
\pgfutil@tempdima=\dimen193
\pgfutil@tempdimb=\dimen194
)
(C:\Users\Alessandro\AppData\Local\Programs\MiKTeX\tex/generic/pgf/utilities\pg
futil-latex.def
\pgfutil@abb=\box60
)
(C:\Users\Alessandro\AppData\Local\Programs\MiKTeX\tex/generic/pgf/utilities\pg
frcs.code.tex
(C:\Users\Alessandro\AppData\Local\Programs\MiKTeX\tex/generic/pgf\pgf.revision
.tex)
Package: pgfrcs 2023-01-15 v3.1.10 (3.1.10)
))
Package: pgf 2023-01-15 v3.1.10 (3.1.10)

(C:\Users\Alessandro\AppData\Local\Programs\MiKTeX\tex/latex/pgf/basiclayer\pgf
core.sty
(C:\Users\Alessandro\AppData\Local\Programs\MiKTeX\tex/latex/pgf/systemlayer\pg
fsys.sty
(C:\Users\Alessandro\AppData\Local\Programs\MiKTeX\tex/generic/pgf/systemlayer\
pgfsys.code.tex
Package: pgfsys 2023-01-15 v3.1.10 (3.1.10)

(C:\Users\Alessandro\AppData\Local\Programs\MiKTeX\tex/generic/pgf/utilities\pg
fkeys.code.tex
\pgfkeys@pathtoks=\toks34
\pgfkeys@temptoks=\toks35

(C:\Users\Alessandro\AppData\Local\Programs\MiKTeX\tex/generic/pgf/utilities\pg
fkeyslibraryfiltered.code.tex
\pgfkeys@tmptoks=\toks36
))
\pgf@x=\dimen195
\pgf@y=\dimen196
\pgf@xa=\dimen197
\pgf@ya=\dimen198
\pgf@xb=\dimen199
\pgf@yb=\dimen256
\pgf@xc=\dimen257
\pgf@yc=\dimen258
\pgf@xd=\dimen259
\pgf@yd=\dimen260
\w@pgf@writea=\write3
\r@pgf@reada=\read2
\c@pgf@counta=\count295
\c@pgf@countb=\count296
\c@pgf@countc=\count297
\c@pgf@countd=\count298
\t@pgf@toka=\toks37
\t@pgf@tokb=\toks38
\t@pgf@tokc=\toks39
\pgf@sys@id@count=\count299

(C:\Users\Alessandro\AppData\Local\Programs\MiKTeX\tex/generic/pgf/systemlayer\
pgf.cfg
File: pgf.cfg 2023-01-15 v3.1.10 (3.1.10)
)
Driver file for pgf: pgfsys-pdftex.def

(C:\Users\Alessandro\AppData\Local\Programs\MiKTeX\tex/generic/pgf/systemlayer\
pgfsys-pdftex.def
File: pgfsys-pdftex.def 2023-01-15 v3.1.10 (3.1.10)

(C:\Users\Alessandro\AppData\Local\Programs\MiKTeX\tex/generic/pgf/systemlayer\
pgfsys-common-pdf.def
File: pgfsys-common-pdf.def 2023-01-15 v3.1.10 (3.1.10)
)))
(C:\Users\Alessandro\AppData\Local\Programs\MiKTeX\tex/generic/pgf/systemlayer\
pgfsyssoftpath.code.tex
File: pgfsyssoftpath.code.tex 2023-01-15 v3.1.10 (3.1.10)
\pgfsyssoftpath@smallbuffer@items=\count300
\pgfsyssoftpath@bigbuffer@items=\count301
)
(C:\Users\Alessandro\AppData\Local\Programs\MiKTeX\tex/generic/pgf/systemlayer\
pgfsysprotocol.code.tex
File: pgfsysprotocol.code.tex 2023-01-15 v3.1.10 (3.1.10)
))
(C:\Users\Alessandro\AppData\Local\Programs\MiKTeX\tex/generic/pgf/basiclayer\p
gfcore.code.tex
Package: pgfcore 2023-01-15 v3.1.10 (3.1.10)

(C:\Users\Alessandro\AppData\Local\Programs\MiKTeX\tex/generic/pgf/math\pgfmath
.code.tex
(C:\Users\Alessandro\AppData\Local\Programs\MiKTeX\tex/generic/pgf/math\pgfmath
util.code.tex)
(C:\Users\Alessandro\AppData\Local\Programs\MiKTeX\tex/generic/pgf/math\pgfmath
parser.code.tex
\pgfmath@dimen=\dimen261
\pgfmath@count=\count302
\pgfmath@box=\box61
\pgfmath@toks=\toks40
\pgfmath@stack@operand=\toks41
\pgfmath@stack@operation=\toks42
)
(C:\Users\Alessandro\AppData\Local\Programs\MiKTeX\tex/generic/pgf/math\pgfmath
functions.code.tex)
(C:\Users\Alessandro\AppData\Local\Programs\MiKTeX\tex/generic/pgf/math\pgfmath
functions.basic.code.tex)
(C:\Users\Alessandro\AppData\Local\Programs\MiKTeX\tex/generic/pgf/math\pgfmath
functions.trigonometric.code.tex)
(C:\Users\Alessandro\AppData\Local\Programs\MiKTeX\tex/generic/pgf/math\pgfmath
functions.random.code.tex)
(C:\Users\Alessandro\AppData\Local\Programs\MiKTeX\tex/generic/pgf/math\pgfmath
functions.comparison.code.tex)
(C:\Users\Alessandro\AppData\Local\Programs\MiKTeX\tex/generic/pgf/math\pgfmath
functions.base.code.tex)
(C:\Users\Alessandro\AppData\Local\Programs\MiKTeX\tex/generic/pgf/math\pgfmath
functions.round.code.tex)
(C:\Users\Alessandro\AppData\Local\Programs\MiKTeX\tex/generic/pgf/math\pgfmath
functions.misc.code.tex)
(C:\Users\Alessandro\AppData\Local\Programs\MiKTeX\tex/generic/pgf/math\pgfmath
functions.integerarithmetics.code.tex)
(C:\Users\Alessandro\AppData\Local\Programs\MiKTeX\tex/generic/pgf/math\pgfmath
calc.code.tex)
(C:\Users\Alessandro\AppData\Local\Programs\MiKTeX\tex/generic/pgf/math\pgfmath
float.code.tex
\c@pgfmathroundto@lastzeros=\count303
))
(C:\Users\Alessandro\AppData\Local\Programs\MiKTeX\tex/generic/pgf/math\pgfint.
code.tex)
(C:\Users\Alessandro\AppData\Local\Programs\MiKTeX\tex/generic/pgf/basiclayer\p
gfcorepoints.code.tex
File: pgfcorepoints.code.tex 2023-01-15 v3.1.10 (3.1.10)
\pgf@picminx=\dimen262
\pgf@picmaxx=\dimen263
\pgf@picminy=\dimen264
\pgf@picmaxy=\dimen265
\pgf@pathminx=\dimen266
\pgf@pathmaxx=\dimen267
\pgf@pathminy=\dimen268
\pgf@pathmaxy=\dimen269
\pgf@xx=\dimen270
\pgf@xy=\dimen271
\pgf@yx=\dimen272
\pgf@yy=\dimen273
\pgf@zx=\dimen274
\pgf@zy=\dimen275
)
(C:\Users\Alessandro\AppData\Local\Programs\MiKTeX\tex/generic/pgf/basiclayer\p
gfcorepathconstruct.code.tex
File: pgfcorepathconstruct.code.tex 2023-01-15 v3.1.10 (3.1.10)
\pgf@path@lastx=\dimen276
\pgf@path@lasty=\dimen277
)
(C:\Users\Alessandro\AppData\Local\Programs\MiKTeX\tex/generic/pgf/basiclayer\p
gfcorepathusage.code.tex
File: pgfcorepathusage.code.tex 2023-01-15 v3.1.10 (3.1.10)
\pgf@shorten@end@additional=\dimen278
\pgf@shorten@start@additional=\dimen279
)
(C:\Users\Alessandro\AppData\Local\Programs\MiKTeX\tex/generic/pgf/basiclayer\p
gfcorescopes.code.tex
File: pgfcorescopes.code.tex 2023-01-15 v3.1.10 (3.1.10)
\pgfpic=\box62
\pgf@hbox=\box63
\pgf@layerbox@main=\box64
\pgf@picture@serial@count=\count304
)
(C:\Users\Alessandro\AppData\Local\Programs\MiKTeX\tex/generic/pgf/basiclayer\p
gfcoregraphicstate.code.tex
File: pgfcoregraphicstate.code.tex 2023-01-15 v3.1.10 (3.1.10)
\pgflinewidth=\dimen280
)
(C:\Users\Alessandro\AppData\Local\Programs\MiKTeX\tex/generic/pgf/basiclayer\p
gfcoretransformations.code.tex
File: pgfcoretransformations.code.tex 2023-01-15 v3.1.10 (3.1.10)
\pgf@pt@x=\dimen281
\pgf@pt@y=\dimen282
\pgf@pt@temp=\dimen283
)
(C:\Users\Alessandro\AppData\Local\Programs\MiKTeX\tex/generic/pgf/basiclayer\p
gfcorequick.code.tex
File: pgfcorequick.code.tex 2023-01-15 v3.1.10 (3.1.10)
)
(C:\Users\Alessandro\AppData\Local\Programs\MiKTeX\tex/generic/pgf/basiclayer\p
gfcoreobjects.code.tex
File: pgfcoreobjects.code.tex 2023-01-15 v3.1.10 (3.1.10)
)
(C:\Users\Alessandro\AppData\Local\Programs\MiKTeX\tex/generic/pgf/basiclayer\p
gfcorepathprocessing.code.tex
File: pgfcorepathprocessing.code.tex 2023-01-15 v3.1.10 (3.1.10)
)
(C:\Users\Alessandro\AppData\Local\Programs\MiKTeX\tex/generic/pgf/basiclayer\p
gfcorearrows.code.tex
File: pgfcorearrows.code.tex 2023-01-15 v3.1.10 (3.1.10)
\pgfarrowsep=\dimen284
)
(C:\Users\Alessandro\AppData\Local\Programs\MiKTeX\tex/generic/pgf/basiclayer\p
gfcoreshade.code.tex
File: pgfcoreshade.code.tex 2023-01-15 v3.1.10 (3.1.10)
\pgf@max=\dimen285
\pgf@sys@shading@range@num=\count305
\pgf@shadingcount=\count306
)
(C:\Users\Alessandro\AppData\Local\Programs\MiKTeX\tex/generic/pgf/basiclayer\p
gfcoreimage.code.tex
File: pgfcoreimage.code.tex 2023-01-15 v3.1.10 (3.1.10)
)
(C:\Users\Alessandro\AppData\Local\Programs\MiKTeX\tex/generic/pgf/basiclayer\p
gfcoreexternal.code.tex
File: pgfcoreexternal.code.tex 2023-01-15 v3.1.10 (3.1.10)
\pgfexternal@startupbox=\box65
)
(C:\Users\Alessandro\AppData\Local\Programs\MiKTeX\tex/generic/pgf/basiclayer\p
gfcorelayers.code.tex
File: pgfcorelayers.code.tex 2023-01-15 v3.1.10 (3.1.10)
)
(C:\Users\Alessandro\AppData\Local\Programs\MiKTeX\tex/generic/pgf/basiclayer\p
gfcoretransparency.code.tex
File: pgfcoretransparency.code.tex 2023-01-15 v3.1.10 (3.1.10)
)
(C:\Users\Alessandro\AppData\Local\Programs\MiKTeX\tex/generic/pgf/basiclayer\p
gfcorepatterns.code.tex
File: pgfcorepatterns.code.tex 2023-01-15 v3.1.10 (3.1.10)
)
(C:\Users\Alessandro\AppData\Local\Programs\MiKTeX\tex/generic/pgf/basiclayer\p
gfcorerdf.code.tex
File: pgfcorerdf.code.tex 2023-01-15 v3.1.10 (3.1.10)
)))
(C:\Users\Alessandro\AppData\Local\Programs\MiKTeX\tex/generic/pgf/modules\pgfm
oduleshapes.code.tex
File: pgfmoduleshapes.code.tex 2023-01-15 v3.1.10 (3.1.10)
\pgfnodeparttextbox=\box66
)
(C:\Users\Alessandro\AppData\Local\Programs\MiKTeX\tex/generic/pgf/modules\pgfm
oduleplot.code.tex
File: pgfmoduleplot.code.tex 2023-01-15 v3.1.10 (3.1.10)
)
(C:\Users\Alessandro\AppData\Local\Programs\MiKTeX\tex/latex/pgf/compatibility\
pgfcomp-version-0-65.sty
Package: pgfcomp-version-0-65 2023-01-15 v3.1.10 (3.1.10)
\pgf@nodesepstart=\dimen286
\pgf@nodesepend=\dimen287
)
(C:\Users\Alessandro\AppData\Local\Programs\MiKTeX\tex/latex/pgf/compatibility\
pgfcomp-version-1-18.sty
Package: pgfcomp-version-1-18 2023-01-15 v3.1.10 (3.1.10)
))
(C:\Users\Alessandro\AppData\Local\Programs\MiKTeX\tex/latex/pgf/utilities\pgff
or.sty
(C:\Users\Alessandro\AppData\Local\Programs\MiKTeX\tex/latex/pgf/utilities\pgfk
eys.sty
(C:\Users\Alessandro\AppData\Local\Programs\MiKTeX\tex/generic/pgf/utilities\pg
fkeys.code.tex))
(C:\Users\Alessandro\AppData\Local\Programs\MiKTeX\tex/latex/pgf/math\pgfmath.s
ty
(C:\Users\Alessandro\AppData\Local\Programs\MiKTeX\tex/generic/pgf/math\pgfmath
.code.tex))
(C:\Users\Alessandro\AppData\Local\Programs\MiKTeX\tex/generic/pgf/utilities\pg
ffor.code.tex
Package: pgffor 2023-01-15 v3.1.10 (3.1.10)
\pgffor@iter=\dimen288
\pgffor@skip=\dimen289
\pgffor@stack=\toks43
\pgffor@toks=\toks44
))
(C:\Users\Alessandro\AppData\Local\Programs\MiKTeX\tex/generic/pgf/frontendlaye
r/tikz\tikz.code.tex
Package: tikz 2023-01-15 v3.1.10 (3.1.10)

(C:\Users\Alessandro\AppData\Local\Programs\MiKTeX\tex/generic/pgf/libraries\pg
flibraryplothandlers.code.tex
File: pgflibraryplothandlers.code.tex 2023-01-15 v3.1.10 (3.1.10)
\pgf@plot@mark@count=\count307
\pgfplotmarksize=\dimen290
)
\tikz@lastx=\dimen291
\tikz@lasty=\dimen292
\tikz@lastxsaved=\dimen293
\tikz@lastysaved=\dimen294
\tikz@lastmovetox=\dimen295
\tikz@lastmovetoy=\dimen296
\tikzleveldistance=\dimen297
\tikzsiblingdistance=\dimen298
\tikz@figbox=\box67
\tikz@figbox@bg=\box68
\tikz@tempbox=\box69
\tikz@tempbox@bg=\box70
\tikztreelevel=\count308
\tikznumberofchildren=\count309
\tikznumberofcurrentchild=\count310
\tikz@fig@count=\count311

(C:\Users\Alessandro\AppData\Local\Programs\MiKTeX\tex/generic/pgf/modules\pgfm
odulematrix.code.tex
File: pgfmodulematrix.code.tex 2023-01-15 v3.1.10 (3.1.10)
\pgfmatrixcurrentrow=\count312
\pgfmatrixcurrentcolumn=\count313
\pgf@matrix@numberofcolumns=\count314
)
\tikz@expandcount=\count315

(C:\Users\Alessandro\AppData\Local\Programs\MiKTeX\tex/generic/pgf/frontendlaye
r/tikz/libraries\tikzlibrarytopaths.code.tex
File: tikzlibrarytopaths.code.tex 2023-01-15 v3.1.10 (3.1.10)
)))
(C:\Users\Alessandro\AppData\Local\Programs\MiKTeX\tex/generic/pgf/frontendlaye
r/tikz/libraries\tikzlibrarypositioning.code.tex
File: tikzlibrarypositioning.code.tex 2023-01-15 v3.1.10 (3.1.10)
)
(C:\Users\Alessandro\AppData\Local\Programs\MiKTeX\tex/generic/pgf/libraries\pg
flibraryarrows.meta.code.tex
File: pgflibraryarrows.meta.code.tex 2023-01-15 v3.1.10 (3.1.10)
\pgfarrowinset=\dimen299
\pgfarrowlength=\dimen300
\pgfarrowwidth=\dimen301
\pgfarrowlinewidth=\dimen302
)
(C:\Users\Alessandro\AppData\Local\Programs\MiKTeX\tex/latex/l3backend\l3backen
d-pdftex.def
File: l3backend-pdftex.def 2024-01-04 L3 backend support: PDF output (pdfTeX)
\l__color_backend_stack_int=\count316
\l__pdf_internal_box=\box71
) (Appunti di reti.aux

LaTeX Warning: Label `fig:esempio' multiply defined.


LaTeX Warning: Label `fig:esempio' multiply defined.


LaTeX Warning: Label `fig:esempio' multiply defined.


LaTeX Warning: Label `fig:esempio' multiply defined.

)
\openout1 = `"Appunti di reti.aux"'.

LaTeX Font Info:    Checking defaults for OML/cmm/m/it on input line 29.
LaTeX Font Info:    ... okay on input line 29.
LaTeX Font Info:    Checking defaults for OMS/cmsy/m/n on input line 29.
LaTeX Font Info:    ... okay on input line 29.
LaTeX Font Info:    Checking defaults for OT1/cmr/m/n on input line 29.
LaTeX Font Info:    ... okay on input line 29.
LaTeX Font Info:    Checking defaults for T1/cmr/m/n on input line 29.
LaTeX Font Info:    ... okay on input line 29.
LaTeX Font Info:    Checking defaults for TS1/cmr/m/n on input line 29.
LaTeX Font Info:    ... okay on input line 29.
LaTeX Font Info:    Checking defaults for OMX/cmex/m/n on input line 29.
LaTeX Font Info:    ... okay on input line 29.
LaTeX Font Info:    Checking defaults for U/cmr/m/n on input line 29.
LaTeX Font Info:    ... okay on input line 29.

*geometry* driver: auto-detecting
*geometry* detected driver: pdftex
*geometry* verbose mode - [ preamble ] result:
* driver: pdftex
* paper: a4paper
* layout: <same size as paper>
* layoutoffset:(h,v)=(0.0pt,0.0pt)
* modes: twoside 
* h-part:(L,W,R)=(72.26999pt, 452.9679pt, 72.26999pt)
* v-part:(T,H,B)=(72.26999pt, 700.50687pt, 72.26999pt)
* \paperwidth=597.50787pt
* \paperheight=845.04684pt
* \textwidth=452.9679pt
* \textheight=700.50687pt
* \oddsidemargin=0.0pt
* \evensidemargin=0.0pt
* \topmargin=-30.06749pt
* \headheight=12.0pt
* \headsep=18.06749pt
* \topskip=10.0pt
* \footskip=25.29494pt
* \marginparwidth=125.0pt
* \marginparsep=7.0pt
* \columnsep=10.0pt
* \skip\footins=9.0pt plus 4.0pt minus 2.0pt
* \hoffset=0.0pt
* \voffset=0.0pt
* \mag=1000
* \@twocolumnfalse
* \@twosidetrue
* \@mparswitchtrue
* \@reversemarginfalse
* (1in=72.27pt=25.4mm, 1cm=28.453pt)

Package caption Info: Begin \AtBeginDocument code.
Package caption Info: float package is loaded.
Package caption Info: listings package is loaded.
Package caption Info: End \AtBeginDocument code.

(C:\Users\Alessandro\AppData\Local\Programs\MiKTeX\tex/context/base/mkii\supp-p
df.mkii
[Loading MPS to PDF converter (version 2006.09.02).]
\scratchcounter=\count317
\scratchdimen=\dimen303
\scratchbox=\box72
\nofMPsegments=\count318
\nofMParguments=\count319
\everyMPshowfont=\toks45
\MPscratchCnt=\count320
\MPscratchDim=\dimen304
\MPnumerator=\count321
\makeMPintoPDFobject=\count322
\everyMPtoPDFconversion=\toks46
)
(C:\Users\Alessandro\AppData\Local\Programs\MiKTeX\tex/latex/epstopdf-pkg\epsto
pdf-base.sty
Package: epstopdf-base 2020-01-24 v2.11 Base part for package epstopdf
Package epstopdf-base Info: Redefining graphics rule for `.eps' on input line 4
85.

(C:\Users\Alessandro\AppData\Local\Programs\MiKTeX\tex/latex/00miktex\epstopdf-
sys.cfg
File: epstopdf-sys.cfg 2021/03/18 v2.0 Configuration of epstopdf for MiKTeX
))
\c@lstlisting=\count323
LaTeX Font Info:    Trying to load font information for U+msa on input line 31.


(C:\Users\Alessandro\AppData\Local\Programs\MiKTeX\tex/latex/amsfonts\umsa.fd
File: umsa.fd 2013/01/14 v3.01 AMS symbols A
)
LaTeX Font Info:    Trying to load font information for U+msb on input line 31.


(C:\Users\Alessandro\AppData\Local\Programs\MiKTeX\tex/latex/amsfonts\umsb.fd
File: umsb.fd 2013/01/14 v3.01 AMS symbols B
)
[1


{C:/Users/Alessandro/AppData/Local/MiKTeX/fonts/map/pdftex/pdftex.map}]
[2

] [3] [4

] (Appunti di reti.toc)
\tf@toc=\write4
\openout4 = `"Appunti di reti.toc"'.

 [5] [6

]
Capitolo 1.
[7] [8] [9] [10] [11] [12]
Capitolo 2.
[13

]
Overfull \hbox (12.02382pt too wide) in paragraph at lines 286--287
\OT1/cmr/m/n/10 Un pro-to-collo a liv-ello di trasporto potrebbe fornire un thr
ough-put garan-tito. Con tale servizio l'applicazione
 []

[14] [15] [16]
LaTeX Font Info:    Trying to load font information for OMS+cmtt on input line 
389.
LaTeX Font Info:    No file OMScmtt.fd. on input line 389.


LaTeX Font Warning: Font shape `OMS/cmtt/m/n' undefined
(Font)              using `OMS/cmsy/m/n' instead
(Font)              for symbol `textbackslash' on input line 389.


Underfull \hbox (badness 10000) in paragraph at lines 387--394

 []


Underfull \hbox (badness 10000) in paragraph at lines 387--394

 []

<images/http_request_message.png, id=70, 860.21375pt x 489.83pt>
File: images/http_request_message.png Graphic file (type png)
<use images/http_request_message.png>
Package pdftex.def Info: images/http_request_message.png  used on input line 40
7.
(pdftex.def)             Requested size: 226.48395pt x 128.96721pt.

Underfull \hbox (badness 10000) in paragraph at lines 415--425

 []


Underfull \hbox (badness 10000) in paragraph at lines 415--425

 []

[17 <./images/http_request_message.png>] [18]
Overfull \hbox (18.8377pt too wide) in paragraph at lines 478--479
[]\OT1/cmr/m/n/10 In cache mem-o-rizza sia l'oggetto che la data di ul-tima mod
-i-fica pre-sente nell'intestazione \OT1/cmtt/m/n/10 Last-Modified 
 []

[19]
<images/SMTP_example.png, id=82, 1153.30875pt x 297.11pt>
File: images/SMTP_example.png Graphic file (type png)
<use images/SMTP_example.png>
Package pdftex.def Info: images/SMTP_example.png  used on input line 514.
(pdftex.def)             Requested size: 226.48395pt x 58.34196pt.
 [20 <./images/SMTP_example.png>] [21] [22]
<images/dns_query_example.png, id=94, 546.04pt x 576.1525pt>
File: images/dns_query_example.png Graphic file (type png)
<use images/dns_query_example.png>
Package pdftex.def Info: images/dns_query_example.png  used on input line 629.
(pdftex.def)             Requested size: 226.48395pt x 238.97574pt.
 [23 <./images/dns_query_example.png>]
Underfull \hbox (badness 10000) in paragraph at lines 643--647

 []

[24] [25] [26] [27] [28]
Capitolo 3.

Overfull \hbox (1.50514pt too wide) in paragraph at lines 827--828
[]\OT1/cmr/m/n/10 Un pro-to-collo di trasporto non for-nisce al-cuna in-di-cazi
one su come i mes-saggi siano trasfer-iti all'interno
 []

[29

]
<images/MultiplexingAndDemultiplexing.png, id=118, 770.88pt x 578.16pt>
File: images/MultiplexingAndDemultiplexing.png Graphic file (type png)
<use images/MultiplexingAndDemultiplexing.png>
Package pdftex.def Info: images/MultiplexingAndDemultiplexing.png  used on inpu
t line 851.
(pdftex.def)             Requested size: 271.7835pt x 203.8323pt.
 [30 <./images/MultiplexingAndDemultiplexing.png>] [31]
<images/UDP_packet_structure.png, id=126, 596.2275pt x 464.73625pt>
File: images/UDP_packet_structure.png Graphic file (type png)
<use images/UDP_packet_structure.png>
Package pdftex.def Info: images/UDP_packet_structure.png  used on input line 91
8.
(pdftex.def)             Requested size: 226.48395pt x 176.53069pt.
 [32 <./images/UDP_packet_structure.png>]
<images/rdt_1.0.png, id=130, 813.0375pt x 734.745pt>
File: images/rdt_1.0.png Graphic file (type png)
<use images/rdt_1.0.png>
Package pdftex.def Info: images/rdt_1.0.png  used on input line 961.
(pdftex.def)             Requested size: 226.48395pt x 204.67332pt.
 [33 <./images/rdt_1.0.png>]
<images/rdt_2.0.png, id=134, 865.2325pt x 790.955pt>
File: images/rdt_2.0.png Graphic file (type png)
<use images/rdt_2.0.png>
Package pdftex.def Info: images/rdt_2.0.png  used on input line 987.
(pdftex.def)             Requested size: 452.9679pt x 414.08691pt.
 [34 <./images/rdt_2.0.png>]
<images/rdt_sender_2.1.png, id=138, 940.51375pt x 615.29875pt>
File: images/rdt_sender_2.1.png Graphic file (type png)
<use images/rdt_sender_2.1.png>
Package pdftex.def Info: images/rdt_sender_2.1.png  used on input line 1009.
(pdftex.def)             Requested size: 452.9679pt x 296.33524pt.

[35 <./images/rdt_sender_2.1.png>]
<images/rdt_receiver_2.1.png, id=142, 1066.98625pt x 561.09625pt>
File: images/rdt_receiver_2.1.png Graphic file (type png)
<use images/rdt_receiver_2.1.png>
Package pdftex.def Info: images/rdt_receiver_2.1.png  used on input line 1017.
(pdftex.def)             Requested size: 452.9679pt x 238.20161pt.
 [36 <./images/rdt_receiver_2.1.png>]
<images/gbn.png, id=147, 962.59625pt x 234.8775pt>
File: images/gbn.png Graphic file (type png)
<use images/gbn.png>
Package pdftex.def Info: images/gbn.png  used on input line 1079.
(pdftex.def)             Requested size: 452.9679pt x 110.52504pt.

[37] [38 <./images/gbn.png>]
<images/tcp_segment_structure.png, id=155, 1023.825pt x 800.9925pt>
File: images/tcp_segment_structure.png Graphic file (type png)
<use images/tcp_segment_structure.png>
Package pdftex.def Info: images/tcp_segment_structure.png  used on input line 1
136.
(pdftex.def)             Requested size: 362.37569pt x 283.50488pt.

Underfull \vbox (badness 10000) has occurred while \output is active []

 [39]
[40 <./images/tcp_segment_structure.png>] [41] [42] [43] [44] [45] [46]
Underfull \hbox (badness 10000) in paragraph at lines 1380--1383

 []

[47] [48]
Capitolo 4.
[49

] [50]
<images/CommutazioneTramiteBus.png, id=195, 1027.84pt x 1027.84pt>
File: images/CommutazioneTramiteBus.png Graphic file (type png)
<use images/CommutazioneTramiteBus.png>
Package pdftex.def Info: images/CommutazioneTramiteBus.png  used on input line 
1530.
(pdftex.def)             Requested size: 135.89174pt x 135.88232pt.
<images/CommutazioneReteDiInterconnessione.png, id=196, 724.95844pt x 472.76625
pt>
File: images/CommutazioneReteDiInterconnessione.png Graphic file (type png)
<use images/CommutazioneReteDiInterconnessione.png>
Package pdftex.def Info: images/CommutazioneReteDiInterconnessione.png  used on
 input line 1536.
(pdftex.def)             Requested size: 135.89174pt x 88.6146pt.
 [51 <./images/CommutazioneTramiteBus.png (PNG copy)>]
Underfull \hbox (badness 10000) in paragraph at lines 1561--1565

 []

[52 <./images/CommutazioneReteDiInterconnessione.png>]
Underfull \hbox (badness 10000) in paragraph at lines 1583--1587

 []

[53]
Underfull \hbox (badness 10000) in paragraph at lines 1641--1645

 []

[54]
Underfull \hbox (badness 10000) in paragraph at lines 1652--1657

 []


Underfull \hbox (badness 10000) in paragraph at lines 1652--1657

 []

[55]
Overfull \hbox (25.00406pt too wide) in paragraph at lines 1691--1692
\OT1/cmr/m/n/10 Esistono in-nu-merevoli host (in-ter-facce) con lo stesso in-d-
i-rizzo IP pri-vato, ma come viene gestito l'indirizzamento
 []


Overfull \hbox (1.86626pt too wide) in paragraph at lines 1711--1712
[]\OT1/cmr/m/n/10 Intestazione ot-timizza: Al-cuni campi di IPv4 sono stati eli
m-i-nati ren-dendo l'intestazione a lunghezza
 []

[56]
Overfull \hbox (16.94963pt too wide) in paragraph at lines 1747--1748
[]\OT1/cmr/m/n/10 Ogni riga in una tabella di in-oltro match-action con-tiene (
1) un in-sieme di val-ori dei campi dell'intestazione
 []


LaTeX Warning: `!h' float specifier changed to `!ht'.

[57] [58]
Capitolo 5.
[59

]
Underfull \hbox (badness 10000) in paragraph at lines 1862--1864

 []


Underfull \hbox (badness 10000) in paragraph at lines 1862--1864

 []

[60]
Underfull \hbox (badness 10000) in paragraph at lines 1875--1879

 []

[61] [62]
<images/eBPG_and_iBGP.png, id=235, 1262.7175pt x 550.055pt>
File: images/eBPG_and_iBGP.png Graphic file (type png)
<use images/eBPG_and_iBGP.png>
Package pdftex.def Info: images/eBPG_and_iBGP.png  used on input line 1975.
(pdftex.def)             Requested size: 452.9679pt x 197.31462pt.
 [63 <./images/eBPG_and_iBGP.png>] [64] [65] [66

]
Capitolo 6.
[67]
Underfull \hbox (badness 10000) in paragraph at lines 2072--2075

 []


Underfull \hbox (badness 10000) in paragraph at lines 2077--2078
 []$[]  \OMS/cmtt/m/n/10 j []$ 
 []

<images/bdimensional_parity_check.png, id=253, 580.1675pt x 331.2375pt>
File: images/bdimensional_parity_check.png Graphic file (type png)
<use images/bdimensional_parity_check.png>
Package pdftex.def Info: images/bdimensional_parity_check.png  used on input li
ne 2088.
(pdftex.def)             Requested size: 226.48395pt x 129.30846pt.
[68 <./images/bdimensional_parity_check.png>] [69]
<images/slotted_aloha.png, id=260, 969.6225pt x 521.95pt>
File: images/slotted_aloha.png Graphic file (type png)
<use images/slotted_aloha.png>
Package pdftex.def Info: images/slotted_aloha.png  used on input line 2179.
(pdftex.def)             Requested size: 362.37569pt x 195.06972pt.
 [70 <./images/slotted_aloha.png>]
<images/aloha_interference.png, id=264, 920.43875pt x 395.4775pt>
File: images/aloha_interference.png Graphic file (type png)
<use images/aloha_interference.png>
Package pdftex.def Info: images/aloha_interference.png  used on input line 2203
.
(pdftex.def)             Requested size: 362.37569pt x 155.70198pt.
<images/CSMA_space_time_diagram.png, id=265, 737.75626pt x 810.02625pt>
File: images/CSMA_space_time_diagram.png Graphic file (type png)
<use images/CSMA_space_time_diagram.png>
Package pdftex.def Info: images/CSMA_space_time_diagram.png  used on input line
 2218.
(pdftex.def)             Requested size: 226.48395pt x 248.67062pt.


LaTeX Warning: `h' float specifier changed to `ht'.

[71 <./images/aloha_interference.png>]
Overfull \hbox (43.39668pt too wide) in paragraph at lines 2251--2252
\OT1/cmr/m/n/10 Gli in-d-i-rizzi MAC sono com-posti da 6 byte, soli-ta-mente sc
ritti in modo esadec-i-male. Es-em-pio: \OT1/cmtt/m/n/10 49-BD-D2-C7-56-2A\OT1/
cmr/m/n/10 .
 []

[72 <./images/CSMA_space_time_diagram.png>] [73]
Overfull \hbox (27.91977pt too wide) in paragraph at lines 2323--2325
[]\OT1/cmr/m/n/10 Ipotizziamo che un frame con in-d-i-rizzo di des-ti-nazione \
OT1/cmtt/m/n/10 AA-AA-AA-AA-AA-AA \OT1/cmr/m/n/10 giunga allo switch sull'inter
faccia
 []

[74] [75] [76]
Capitolo 7.
[77

] [78] [79]
Overfull \hbox (1.644pt too wide) in paragraph at lines 2525--2527
[]\OT1/cmr/m/n/10 Adesso sup-poni-amo che Al-ice e Bob non si pre-oc-cu-pino de
lla con-fi-den-zialit^^Ra ma solo dell'autenticazione
 []

[80] [81] [82] (Appunti di reti.aux)
 ***********
LaTeX2e <2023-11-01> patch level 1
L3 programming layer <2024-01-04>
 ***********


LaTeX Font Warning: Some font shapes were not available, defaults substituted.


LaTeX Warning: There were multiply-defined labels.

 ) 
Here is how much of TeX's memory you used:
 17879 strings out of 474485
 352605 string characters out of 5741373
 1951542 words of memory out of 5000000
 39885 multiletter control sequences out of 15000+600000
 568981 words of font info for 78 fonts, out of 8000000 for 9000
 1141 hyphenation exceptions out of 8191
 88i,12n,92p,948b,1003s stack positions out of 10000i,1000n,20000p,200000b,200000s
 <C:\Users\Alessandro\AppData\Local\MiKTeX\fonts/pk/ljfour/jknappen/ec/dpi600
\tcrm1000.pk><C:/Users/Alessandro/AppData/Local/Programs/MiKTeX/fonts/type1/pub
lic/amsfonts/cm/cmbx10.pfb><C:/Users/Alessandro/AppData/Local/Programs/MiKTeX/f
onts/type1/public/amsfonts/cm/cmbx12.pfb><C:/Users/Alessandro/AppData/Local/Pro
grams/MiKTeX/fonts/type1/public/amsfonts/cm/cmex10.pfb><C:/Users/Alessandro/App
Data/Local/Programs/MiKTeX/fonts/type1/public/amsfonts/cm/cmmi10.pfb><C:/Users/
Alessandro/AppData/Local/Programs/MiKTeX/fonts/type1/public/amsfonts/cm/cmmi5.p
fb><C:/Users/Alessandro/AppData/Local/Programs/MiKTeX/fonts/type1/public/amsfon
ts/cm/cmmi7.pfb><C:/Users/Alessandro/AppData/Local/Programs/MiKTeX/fonts/type1/
public/amsfonts/cm/cmr10.pfb><C:/Users/Alessandro/AppData/Local/Programs/MiKTeX
/fonts/type1/public/amsfonts/cm/cmr12.pfb><C:/Users/Alessandro/AppData/Local/Pr
ograms/MiKTeX/fonts/type1/public/amsfonts/cm/cmr17.pfb><C:/Users/Alessandro/App
Data/Local/Programs/MiKTeX/fonts/type1/public/amsfonts/cm/cmr7.pfb><C:/Users/Al
essandro/AppData/Local/Programs/MiKTeX/fonts/type1/public/amsfonts/cm/cmr9.pfb>
<C:/Users/Alessandro/AppData/Local/Programs/MiKTeX/fonts/type1/public/amsfonts/
cm/cmsl10.pfb><C:/Users/Alessandro/AppData/Local/Programs/MiKTeX/fonts/type1/pu
blic/amsfonts/cm/cmsy10.pfb><C:/Users/Alessandro/AppData/Local/Programs/MiKTeX/
fonts/type1/public/amsfonts/cm/cmsy5.pfb><C:/Users/Alessandro/AppData/Local/Pro
grams/MiKTeX/fonts/type1/public/amsfonts/cm/cmsy7.pfb><C:/Users/Alessandro/AppD
ata/Local/Programs/MiKTeX/fonts/type1/public/amsfonts/cm/cmti10.pfb><C:/Users/A
lessandro/AppData/Local/Programs/MiKTeX/fonts/type1/public/amsfonts/cm/cmtt10.p
fb><C:/Users/Alessandro/AppData/Local/Programs/MiKTeX/fonts/type1/public/amsfon
ts/cm/cmtt8.pfb>
Output written on "Appunti di reti.pdf" (82 pages, 2166084 bytes).
PDF statistics:
 386 PDF objects out of 1000 (max. 8388607)
 0 named destinations out of 1000 (max. 500000)
 103 words of extra memory for PDF output out of 10000 (max. 10000000)

